<?xml version="1.0" encoding="utf-8"?><testsuites><testsuite errors="0" failures="1" hostname="desktop" name="pytest" skipped="0" tests="7" time="3.867" timestamp="2020-05-31T18:44:51.315229"><testcase classname="test_submit" file="test_submit.py" line="3" name="test_q1" time="0.004"></testcase><testcase classname="test_submit" file="test_submit.py" line="11" name="test_q2" time="0.009"></testcase><testcase classname="test_submit" file="test_submit.py" line="16" name="test_q3" time="0.017"></testcase><testcase classname="test_submit" file="test_submit.py" line="21" name="test_q4" time="0.002"><failure message="assert None == -1.047
  +None
  --1.047">+None
      --1.047
E   assert None == -1.047</failure></testcase><testcase classname="test_submit" file="test_submit.py" line="26" name="test_q5" time="0.008"></testcase><testcase classname="test_submit" file="test_submit.py" line="34" name="test_q6" time="0.533"></testcase><testcase classname="test_submit" file="test_submit.py" line="39" name="test_q7" time="0.565"></testcase></testsuite></testsuites>